<?xml version="1.0" encoding="UTF-8" ?>
<testsuite errors="1" failures="0" hostname="Felipe-Laptop" name="com.g6pis.beatit.challenges.usainbolt.UsainBoltTest" skipped="0" tests="1" time="0.0" timestamp="2014-09-29T06:27:53">
  <properties>
[...]
</properties>
  <error message="com.g6pis.beatit.challenges.usainbolt.UsainBoltTest" type="java.lang.ClassNotFoundException">java.lang.ClassNotFoundException: com.g6pis.beatit.challenges.usainbolt.UsainBoltTest
	at java.net.URLClassLoader$1.run(URLClassLoader.java:372)
	at java.net.URLClassLoader$1.run(URLClassLoader.java:361)
	at java.security.AccessController.doPrivileged(Native Method)
	at java.net.URLClassLoader.findClass(URLClassLoader.java:360)
	at java.lang.ClassLoader.loadClass(ClassLoader.java:424)
	at sun.misc.Launcher$AppClassLoader.loadClass(Launcher.java:308)
	at java.lang.ClassLoader.loadClass(ClassLoader.java:357)
	at java.lang.Class.forName0(Native Method)
	at java.lang.Class.forName(Class.java:259)
</error>
  <system-out><![CDATA[]]></system-out>
  <system-err><![CDATA[]]></system-err>
</testsuite>
